Resolved via username/ID: vr
Tracker running. Will post automatically at 22:00 Asia/Tashkent.
Running as user id: 8344971256
Posted leaderboard for 2025-09-28.
[catch-up] Posted YESTERDAY on startup/resume.
[10:21] idle; waiting for live…
[10:26] idle; waiting for live…
[10:32] idle; waiting for live…
[10:37] idle; waiting for live…
[10:42] idle; waiting for live…
[10:47] idle; waiting for live…
[10:52] idle; waiting for live…
[10:57] idle; waiting for live…
[11:02] idle; waiting for live…
[11:07] idle; waiting for live…
[11:12] idle; waiting for live…
[11:17] idle; waiting for live…
[11:22] idle; waiting for live…
[11:27] idle; waiting for live…
[11:32] idle; waiting for live…
[11:38] idle; waiting for live…
[11:43] idle; waiting for live…
[11:48] idle; waiting for live…
[11:53] idle; waiting for live…
[11:58] idle; waiting for live…
[12:03] idle; waiting for live…
[12:08] idle; waiting for live…
[12:13] idle; waiting for live…
[12:18] idle; waiting for live…
[12:23] idle; waiting for live…
[12:28] idle; waiting for live…
[12:33] idle; waiting for live…
[12:39] idle; waiting for live…
[12:44] idle; waiting for live…
[12:49] idle; waiting for live…
[12:54] idle; waiting for live…
[12:59] idle; waiting for live…
[13:04] idle; waiting for live…
[13:09] idle; waiting for live…
[13:14] idle; waiting for live…
[13:19] idle; waiting for live…
[13:24] idle; waiting for live…
[13:29] idle; waiting for live…
[13:35] idle; waiting for live…
[13:40] idle; waiting for live…
[13:45] idle; waiting for live…
[13:50] idle; waiting for live…
[13:55] idle; waiting for live…
[14:00] idle; waiting for live…
[14:05] idle; waiting for live…
[14:10] idle; waiting for live…
[14:15] idle; waiting for live…
[14:21] idle; waiting for live…
[14:26] idle; waiting for live…
[14:31] idle; waiting for live…
[14:36] idle; waiting for live…
[14:41] idle; waiting for live…
[14:46] idle; waiting for live…
[14:51] idle; waiting for live…
Server closed the connection: [WinError 1236] Подключение к сети было разорвано локальной системой
Attempt 1 at connecting failed: OSError: [WinError 1231] Сетевая папка недоступна. За информацией о разрешении проблем в сети обратитесь к справочной системе Windows
Attempt 2 at connecting failed: OSError: [WinError 1231] Сетевая папка недоступна. За информацией о разрешении проблем в сети обратитесь к справочной системе Windows
Attempt 3 at connecting failed: OSError: [WinError 1231] Сетевая папка недоступна. За информацией о разрешении проблем в сети обратитесь к справочной системе Windows
Attempt 4 at connecting failed: OSError: [WinError 1231] Сетевая папка недоступна. За информацией о разрешении проблем в сети обратитесь к справочной системе Windows
[15:02] idle; waiting for live…
[15:07] idle; waiting for live…
[15:12] idle; waiting for live…
[15:17] idle; waiting for live…
[15:23] idle; waiting for live…
[15:28] idle; waiting for live…
[15:33] idle; waiting for live…
[15:38] idle; waiting for live…
[15:43] idle; waiting for live…
[15:48] idle; waiting for live…
[15:53] idle; waiting for live…
Server closed the connection: [WinError 1236] Подключение к сети было разорвано локальной системой
Attempt 1 at connecting failed: OSError: [WinError 1231] Сетевая папка недоступна. За информацией о разрешении проблем в сети обратитесь к справочной системе Windows
Attempt 2 at connecting failed: OSError: [WinError 1231] Сетевая папка недоступна. За информацией о разрешении проблем в сети обратитесь к справочной системе Windows
Attempt 3 at connecting failed: OSError: [WinError 1231] Сетевая папка недоступна. За информацией о разрешении проблем в сети обратитесь к справочной системе Windows
Attempt 4 at connecting failed: OSError: [WinError 1231] Сетевая папка недоступна. За информацией о разрешении проблем в сети обратитесь к справочной системе Windows
Attempt 5 at connecting failed: OSError: [WinError 1231] Сетевая папка недоступна. За информацией о разрешении проблем в сети обратитесь к справочной системе Windows
Attempt 6 at connecting failed: ConnectionAbortedError: [WinError 1236] Подключение к сети было разорвано локальной системой
Attempt 1 at connecting failed: OSError: [WinError 1232] Сетевая папка недоступна. За информацией о разрешении проблем в сети обратитесь к справочной системе Windows
Attempt 2 at connecting failed: OSError: [WinError 1232] Сетевая папка недоступна. За информацией о разрешении проблем в сети обратитесь к справочной системе Windows
Attempt 3 at connecting failed: OSError: [WinError 1232] Сетевая папка недоступна. За информацией о разрешении проблем в сети обратитесь к справочной системе Windows
Attempt 4 at connecting failed: OSError: [WinError 1232] Сетевая папка недоступна. За информацией о разрешении проблем в сети обратитесь к справочной системе Windows
[16:30] idle; waiting for live…
[16:35] idle; waiting for live…
[16:41] idle; waiting for live…
[16:46] idle; waiting for live…
[16:51] idle; waiting for live…
[16:56] idle; waiting for live…
[17:01] idle; waiting for live…
[17:06] idle; waiting for live…
[17:11] idle; waiting for live…
[17:16] idle; waiting for live…
[17:21] idle; waiting for live…
[17:26] idle; waiting for live…
[17:31] idle; waiting for live…
[17:36] idle; waiting for live…
[17:42] idle; waiting for live…
[17:47] idle; waiting for live…
[17:52] idle; waiting for live…
[17:57] idle; waiting for live…
[18:02] idle; waiting for live…
[18:07] idle; waiting for live…
[18:12] idle; waiting for live…
Server closed the connection: [WinError 1236] Подключение к сети было разорвано локальной системой
Attempt 1 at connecting failed: OSError: [WinError 1231] Сетевая папка недоступна. За информацией о разрешении проблем в сети обратитесь к справочной системе Windows
Attempt 2 at connecting failed: OSError: [WinError 1231] Сетевая папка недоступна. За информацией о разрешении проблем в сети обратитесь к справочной системе Windows
Attempt 3 at connecting failed: OSError: [WinError 1231] Сетевая папка недоступна. За информацией о разрешении проблем в сети обратитесь к справочной системе Windows
Attempt 4 at connecting failed: OSError: [WinError 1231] Сетевая папка недоступна. За информацией о разрешении проблем в сети обратитесь к справочной системе Windows
Attempt 5 at connecting failed: OSError: [WinError 1231] Сетевая папка недоступна. За информацией о разрешении проблем в сети обратитесь к справочной системе Windows
Attempt 6 at connecting failed: OSError: [WinError 1231] Сетевая папка недоступна. За информацией о разрешении проблем в сети обратитесь к справочной системе Windows
Attempt 1 at connecting failed: OSError: [WinError 1231] Сетевая папка недоступна. За информацией о разрешении проблем в сети обратитесь к справочной системе Windows
Attempt 2 at connecting failed: OSError: [WinError 1231] Сетевая папка недоступна. За информацией о разрешении проблем в сети обратитесь к справочной системе Windows
Attempt 3 at connecting failed: OSError: [WinError 1231] Сетевая папка недоступна. За информацией о разрешении проблем в сети обратитесь к справочной системе Windows
Attempt 4 at connecting failed: OSError: [WinError 1231] Сетевая папка недоступна. За информацией о разрешении проблем в сети обратитесь к справочной системе Windows
Attempt 5 at connecting failed: OSError: [WinError 1231] Сетевая папка недоступна. За информацией о разрешении проблем в сети обратитесь к справочной системе Windows
Attempt 6 at connecting failed: OSError: [WinError 1231] Сетевая папка недоступна. За информацией о разрешении проблем в сети обратитесь к справочной системе Windows
Attempt 1 at connecting failed: OSError: [WinError 1231] Сетевая папка недоступна. За информацией о разрешении проблем в сети обратитесь к справочной системе Windows
Attempt 2 at connecting failed: OSError: [WinError 1231] Сетевая папка недоступна. За информацией о разрешении проблем в сети обратитесь к справочной системе Windows
Attempt 3 at connecting failed: OSError: [WinError 1231] Сетевая папка недоступна. За информацией о разрешении проблем в сети обратитесь к справочной системе Windows
Attempt 4 at connecting failed: OSError: [WinError 1231] Сетевая папка недоступна. За информацией о разрешении проблем в сети обратитесь к справочной системе Windows
Attempt 5 at connecting failed: OSError: [WinError 1231] Сетевая папка недоступна. За информацией о разрешении проблем в сети обратитесь к справочной системе Windows
Attempt 6 at connecting failed: OSError: [WinError 1231] Сетевая папка недоступна. За информацией о разрешении проблем в сети обратитесь к справочной системе Windows
Attempt 1 at connecting failed: OSError: [WinError 1231] Сетевая папка недоступна. За информацией о разрешении проблем в сети обратитесь к справочной системе Windows
Attempt 2 at connecting failed: OSError: [WinError 1231] Сетевая папка недоступна. За информацией о разрешении проблем в сети обратитесь к справочной системе Windows
Attempt 3 at connecting failed: OSError: [WinError 1232] Сетевая папка недоступна. За информацией о разрешении проблем в сети обратитесь к справочной системе Windows
Attempt 4 at connecting failed: OSError: [WinError 1232] Сетевая папка недоступна. За информацией о разрешении проблем в сети обратитесь к справочной системе Windows
Attempt 5 at connecting failed: OSError: [WinError 1232] Сетевая папка недоступна. За информацией о разрешении проблем в сети обратитесь к справочной системе Windows
Attempt 6 at connecting failed: OSError: [WinError 1232] Сетевая папка недоступна. За информацией о разрешении проблем в сети обратитесь к справочной системе Windows
[18:54] idle; waiting for live…
[18:59] idle; waiting for live…
[19:04] idle; waiting for live…
[19:09] idle; waiting for live…
[19:14] idle; waiting for live…
[19:19] idle; waiting for live…
[19:24] idle; waiting for live…
Server closed the connection: [WinError 1236] Подключение к сети было разорвано локальной системой
Attempt 1 at connecting failed: OSError: [WinError 1231] Сетевая папка недоступна. За информацией о разрешении проблем в сети обратитесь к справочной системе Windows
Attempt 2 at connecting failed: OSError: [WinError 1231] Сетевая папка недоступна. За информацией о разрешении проблем в сети обратитесь к справочной системе Windows
Attempt 3 at connecting failed: OSError: [WinError 1231] Сетевая папка недоступна. За информацией о разрешении проблем в сети обратитесь к справочной системе Windows
Attempt 4 at connecting failed: OSError: [WinError 1231] Сетевая папка недоступна. За информацией о разрешении проблем в сети обратитесь к справочной системе Windows
Attempt 5 at connecting failed: OSError: [WinError 1231] Сетевая папка недоступна. За информацией о разрешении проблем в сети обратитесь к справочной системе Windows
Attempt 6 at connecting failed: OSError: [WinError 1231] Сетевая папка недоступна. За информацией о разрешении проблем в сети обратитесь к справочной системе Windows
Attempt 1 at connecting failed: OSError: [WinError 1231] Сетевая папка недоступна. За информацией о разрешении проблем в сети обратитесь к справочной системе Windows
Attempt 2 at connecting failed: OSError: [WinError 1231] Сетевая папка недоступна. За информацией о разрешении проблем в сети обратитесь к справочной системе Windows
Attempt 3 at connecting failed: OSError: [WinError 1231] Сетевая папка недоступна. За информацией о разрешении проблем в сети обратитесь к справочной системе Windows
Attempt 4 at connecting failed: OSError: [WinError 1231] Сетевая папка недоступна. За информацией о разрешении проблем в сети обратитесь к справочной системе Windows
Attempt 5 at connecting failed: OSError: [WinError 1231] Сетевая папка недоступна. За информацией о разрешении проблем в сети обратитесь к справочной системе Windows
Attempt 6 at connecting failed: OSError: [WinError 1231] Сетевая папка недоступна. За информацией о разрешении проблем в сети обратитесь к справочной системе Windows
Attempt 1 at connecting failed: OSError: [WinError 1231] Сетевая папка недоступна. За информацией о разрешении проблем в сети обратитесь к справочной системе Windows
Attempt 2 at connecting failed: OSError: [WinError 1231] Сетевая папка недоступна. За информацией о разрешении проблем в сети обратитесь к справочной системе Windows
Attempt 3 at connecting failed: OSError: [WinError 1231] Сетевая папка недоступна. За информацией о разрешении проблем в сети обратитесь к справочной системе Windows
Attempt 4 at connecting failed: OSError: [WinError 1231] Сетевая папка недоступна. За информацией о разрешении проблем в сети обратитесь к справочной системе Windows
Server closed the connection: [WinError 1236] Подключение к сети было разорвано локальной системой
Attempt 1 at connecting failed: OSError: [WinError 1231] Сетевая папка недоступна. За информацией о разрешении проблем в сети обратитесь к справочной системе Windows
Attempt 2 at connecting failed: OSError: [WinError 1231] Сетевая папка недоступна. За информацией о разрешении проблем в сети обратитесь к справочной системе Windows
Attempt 3 at connecting failed: OSError: [WinError 1231] Сетевая папка недоступна. За информацией о разрешении проблем в сети обратитесь к справочной системе Windows
Attempt 4 at connecting failed: OSError: [WinError 1231] Сетевая папка недоступна. За информацией о разрешении проблем в сети обратитесь к справочной системе Windows
Attempt 5 at connecting failed: OSError: [WinError 1231] Сетевая папка недоступна. За информацией о разрешении проблем в сети обратитесь к справочной системе Windows
Attempt 6 at connecting failed: OSError: [WinError 1231] Сетевая папка недоступна. За информацией о разрешении проблем в сети обратитесь к справочной системе Windows
Attempt 1 at connecting failed: OSError: [WinError 1231] Сетевая папка недоступна. За информацией о разрешении проблем в сети обратитесь к справочной системе Windows
Attempt 2 at connecting failed: OSError: [WinError 1231] Сетевая папка недоступна. За информацией о разрешении проблем в сети обратитесь к справочной системе Windows
Attempt 3 at connecting failed: OSError: [WinError 1231] Сетевая папка недоступна. За информацией о разрешении проблем в сети обратитесь к справочной системе Windows
Attempt 4 at connecting failed: OSError: [WinError 1231] Сетевая папка недоступна. За информацией о разрешении проблем в сети обратитесь к справочной системе Windows
Attempt 5 at connecting failed: OSError: [WinError 1231] Сетевая папка недоступна. За информацией о разрешении проблем в сети обратитесь к справочной системе Windows
Attempt 6 at connecting failed: OSError: [WinError 1231] Сетевая папка недоступна. За информацией о разрешении проблем в сети обратитесь к справочной системе Windows
Attempt 1 at connecting failed: OSError: [WinError 1231] Сетевая папка недоступна. За информацией о разрешении проблем в сети обратитесь к справочной системе Windows
Attempt 2 at connecting failed: OSError: [WinError 1231] Сетевая папка недоступна. За информацией о разрешении проблем в сети обратитесь к справочной системе Windows
Attempt 3 at connecting failed: OSError: [WinError 1231] Сетевая папка недоступна. За информацией о разрешении проблем в сети обратитесь к справочной системе Windows
Attempt 4 at connecting failed: OSError: [WinError 1231] Сетевая папка недоступна. За информацией о разрешении проблем в сети обратитесь к справочной системе Windows
Attempt 5 at connecting failed: OSError: [WinError 1231] Сетевая папка недоступна. За информацией о разрешении проблем в сети обратитесь к справочной системе Windows
Attempt 6 at connecting failed: OSError: [WinError 1231] Сетевая папка недоступна. За информацией о разрешении проблем в сети обратитесь к справочной системе Windows
Attempt 1 at connecting failed: OSError: [WinError 1231] Сетевая папка недоступна. За информацией о разрешении проблем в сети обратитесь к справочной системе Windows
Attempt 2 at connecting failed: OSError: [WinError 1231] Сетевая папка недоступна. За информацией о разрешении проблем в сети обратитесь к справочной системе Windows
Attempt 3 at connecting failed: OSError: [WinError 1231] Сетевая папка недоступна. За информацией о разрешении проблем в сети обратитесь к справочной системе Windows
Attempt 4 at connecting failed: OSError: [WinError 1231] Сетевая папка недоступна. За информацией о разрешении проблем в сети обратитесь к справочной системе Windows
Attempt 5 at connecting failed: OSError: [WinError 1231] Сетевая папка недоступна. За информацией о разрешении проблем в сети обратитесь к справочной системе Windows
Attempt 6 at connecting failed: OSError: [WinError 1231] Сетевая папка недоступна. За информацией о разрешении проблем в сети обратитесь к справочной системе Windows
Attempt 1 at connecting failed: OSError: [WinError 1231] Сетевая папка недоступна. За информацией о разрешении проблем в сети обратитесь к справочной системе Windows
Attempt 2 at connecting failed: OSError: [WinError 1231] Сетевая папка недоступна. За информацией о разрешении проблем в сети обратитесь к справочной системе Windows
Attempt 3 at connecting failed: OSError: [WinError 1231] Сетевая папка недоступна. За информацией о разрешении проблем в сети обратитесь к справочной системе Windows
Attempt 4 at connecting failed: OSError: [WinError 1231] Сетевая папка недоступна. За информацией о разрешении проблем в сети обратитесь к справочной системе Windows
Attempt 5 at connecting failed: TimeoutError: 
Server resent the older message 7555529261930885121, ignoring
[20:12] idle; waiting for live…
[20:17] idle; waiting for live…
[20:22] idle; waiting for live…
[20:27] idle; waiting for live…
[20:32] idle; waiting for live…
[20:37] idle; waiting for live…
[20:43] idle; waiting for live…
[20:48] idle; waiting for live…
[20:53] idle; waiting for live…
[20:58] idle; waiting for live…
[21:03] idle; waiting for live…
[21:08] idle; waiting for live…
[21:13] idle; waiting for live…
[21:18] idle; waiting for live…
[21:24] idle; waiting for live…
[21:29] idle; waiting for live…
[21:34] idle; waiting for live…
[21:39] idle; waiting for live…
[21:44] idle; waiting for live…
[21:49] idle; waiting for live…
[21:54] idle; waiting for live…
[21:59] idle; waiting for live…
Posted leaderboard for 2025-09-29.
[22:05] idle; waiting for live…
[22:10] idle; waiting for live…
[22:15] idle; waiting for live…
[22:20] idle; waiting for live…
[22:25] idle; waiting for live…
[22:30] idle; waiting for live…
[22:35] idle; waiting for live…
[22:40] idle; waiting for live…
[22:45] idle; waiting for live…
[22:50] idle; waiting for live…
[22:56] idle; waiting for live…
[23:01] idle; waiting for live…
[23:06] idle; waiting for live…
[23:11] idle; waiting for live…
[23:16] idle; waiting for live…
[23:21] idle; waiting for live…
[23:26] idle; waiting for live…
[23:31] idle; waiting for live…
[23:36] idle; waiting for live…
[23:41] idle; waiting for live…
[23:46] idle; waiting for live…
[23:52] idle; waiting for live…
[23:57] idle; waiting for live…
[00:02] idle; waiting for live…
[00:07] idle; waiting for live…
[00:12] idle; waiting for live…

Exiting cleanly. Bye
