Resolved via username/ID: vr
Tracker running. Will post automatically at 22:00 Asia/Tashkent.
Running as user id: 8344971256
[14:49] idle; waiting for live…
[14:54] idle; waiting for live…
[14:59] idle; waiting for live…
[15:04] idle; waiting for live…
[15:07:44] In call (1): Study_Tracker_Bot
[15:09] idle; waiting for live…
[15:14] idle; waiting for live…
[15:19] idle; waiting for live…
[15:24] idle; waiting for live…
[15:30] idle; waiting for live…
[15:35] idle; waiting for live…
[15:40] idle; waiting for live…
[15:45] idle; waiting for live…
[15:50] idle; waiting for live…
[15:55] idle; waiting for live…
[16:00] idle; waiting for live…
[16:05] idle; waiting for live…
[16:10] idle; waiting for live…
[16:15] idle; waiting for live…
[16:20] idle; waiting for live…
[16:25] idle; waiting for live…
[16:30] idle; waiting for live…
[16:36] idle; waiting for live…
[16:41] idle; waiting for live…
[16:46] idle; waiting for live…
[16:51] idle; waiting for live…
[16:56] idle; waiting for live…
[17:01] idle; waiting for live…
[17:06] idle; waiting for live…
[17:11] idle; waiting for live…
[17:16] idle; waiting for live…
[17:21] idle; waiting for live…
[17:26] idle; waiting for live…
[17:31] idle; waiting for live…
[17:36] idle; waiting for live…
[17:41] idle; waiting for live…
[17:46] idle; waiting for live…
[17:52] idle; waiting for live…
[17:57] idle; waiting for live…
[18:02] idle; waiting for live…
[18:07] idle; waiting for live…
[18:12] idle; waiting for live…
[18:17] idle; waiting for live…
[18:22] idle; waiting for live…
[18:27] idle; waiting for live…
[18:32] idle; waiting for live…
[18:37] idle; waiting for live…
[18:42] idle; waiting for live…
Server closed the connection: [WinError 1236] Подключение к сети было разорвано локальной системой
Attempt 1 at connecting failed: OSError: [WinError 1231] Сетевая папка недоступна. За информацией о разрешении проблем в сети обратитесь к справочной системе Windows
Attempt 2 at connecting failed: OSError: [WinError 1231] Сетевая папка недоступна. За информацией о разрешении проблем в сети обратитесь к справочной системе Windows
Attempt 3 at connecting failed: OSError: [WinError 1231] Сетевая папка недоступна. За информацией о разрешении проблем в сети обратитесь к справочной системе Windows
Attempt 4 at connecting failed: OSError: [WinError 1231] Сетевая папка недоступна. За информацией о разрешении проблем в сети обратитесь к справочной системе Windows
Attempt 5 at connecting failed: TimeoutError: 
Attempt 6 at connecting failed: ConnectionAbortedError: [WinError 1236] Подключение к сети было разорвано локальной системой
[19:19] idle; waiting for live…
[19:24] idle; waiting for live…
[19:29] idle; waiting for live…
[19:34] idle; waiting for live…
[19:40] idle; waiting for live…
[19:45] idle; waiting for live…
[19:50] idle; waiting for live…
[19:55] idle; waiting for live…
[20:00] idle; waiting for live…
[20:05] idle; waiting for live…
[20:10] idle; waiting for live…
[20:15] idle; waiting for live…
[20:20] idle; waiting for live…
[20:25] idle; waiting for live…
[20:30] idle; waiting for live…
[20:36] idle; waiting for live…
[20:41] idle; waiting for live…
[20:46] idle; waiting for live…
[20:51] idle; waiting for live…
[20:56] idle; waiting for live…
[21:01] idle; waiting for live…
[21:06] idle; waiting for live…
[21:11] idle; waiting for live…
[21:16] idle; waiting for live…
[21:21] idle; waiting for live…
[21:27] idle; waiting for live…
[21:32] idle; waiting for live…
[21:37] idle; waiting for live…
[21:42] idle; waiting for live…
[21:47] idle; waiting for live…
[21:52] idle; waiting for live…
[21:57] idle; waiting for live…
Posted leaderboard.
[22:02] idle; waiting for live…
[22:07] idle; waiting for live…
[22:12] idle; waiting for live…
[22:17] idle; waiting for live…
[22:23] idle; waiting for live…
[22:28] idle; waiting for live…
[22:33] idle; waiting for live…
Server closed the connection: [WinError 10053] Программа на вашем хост-компьютере разорвала установленное подключение
Attempt 1 at connecting failed: OSError: [WinError 1232] Сетевая папка недоступна. За информацией о разрешении проблем в сети обратитесь к справочной системе Windows
Attempt 2 at connecting failed: OSError: [WinError 1232] Сетевая папка недоступна. За информацией о разрешении проблем в сети обратитесь к справочной системе Windows
Attempt 3 at connecting failed: OSError: [WinError 1232] Сетевая папка недоступна. За информацией о разрешении проблем в сети обратитесь к справочной системе Windows
Attempt 4 at connecting failed: OSError: [WinError 1232] Сетевая папка недоступна. За информацией о разрешении проблем в сети обратитесь к справочной системе Windows
Attempt 5 at connecting failed: OSError: [WinError 1232] Сетевая папка недоступна. За информацией о разрешении проблем в сети обратитесь к справочной системе Windows
Attempt 6 at connecting failed: OSError: [WinError 1232] Сетевая папка недоступна. За информацией о разрешении проблем в сети обратитесь к справочной системе Windows
Attempt 1 at connecting failed: OSError: [WinError 1232] Сетевая папка недоступна. За информацией о разрешении проблем в сети обратитесь к справочной системе Windows
Attempt 2 at connecting failed: OSError: [WinError 1232] Сетевая папка недоступна. За информацией о разрешении проблем в сети обратитесь к справочной системе Windows
Attempt 3 at connecting failed: OSError: [WinError 1232] Сетевая папка недоступна. За информацией о разрешении проблем в сети обратитесь к справочной системе Windows
Attempt 4 at connecting failed: OSError: [WinError 1232] Сетевая папка недоступна. За информацией о разрешении проблем в сети обратитесь к справочной системе Windows
Attempt 5 at connecting failed: OSError: [WinError 1232] Сетевая папка недоступна. За информацией о разрешении проблем в сети обратитесь к справочной системе Windows
Attempt 6 at connecting failed: OSError: [WinError 1232] Сетевая папка недоступна. За информацией о разрешении проблем в сети обратитесь к справочной системе Windows
Attempt 1 at connecting failed: OSError: [WinError 1232] Сетевая папка недоступна. За информацией о разрешении проблем в сети обратитесь к справочной системе Windows
Attempt 2 at connecting failed: OSError: [WinError 1232] Сетевая папка недоступна. За информацией о разрешении проблем в сети обратитесь к справочной системе Windows
Attempt 3 at connecting failed: OSError: [WinError 1232] Сетевая папка недоступна. За информацией о разрешении проблем в сети обратитесь к справочной системе Windows
Attempt 4 at connecting failed: OSError: [WinError 1232] Сетевая папка недоступна. За информацией о разрешении проблем в сети обратитесь к справочной системе Windows
Attempt 5 at connecting failed: OSError: [WinError 1232] Сетевая папка недоступна. За информацией о разрешении проблем в сети обратитесь к справочной системе Windows
Attempt 6 at connecting failed: OSError: [WinError 1232] Сетевая папка недоступна. За информацией о разрешении проблем в сети обратитесь к справочной системе Windows
Attempt 1 at connecting failed: OSError: [WinError 1232] Сетевая папка недоступна. За информацией о разрешении проблем в сети обратитесь к справочной системе Windows
Attempt 2 at connecting failed: OSError: [WinError 1232] Сетевая папка недоступна. За информацией о разрешении проблем в сети обратитесь к справочной системе Windows
Attempt 3 at connecting failed: OSError: [WinError 1232] Сетевая папка недоступна. За информацией о разрешении проблем в сети обратитесь к справочной системе Windows
Attempt 4 at connecting failed: OSError: [WinError 1232] Сетевая папка недоступна. За информацией о разрешении проблем в сети обратитесь к справочной системе Windows
Attempt 5 at connecting failed: OSError: [WinError 1232] Сетевая папка недоступна. За информацией о разрешении проблем в сети обратитесь к справочной системе Windows
Attempt 6 at connecting failed: OSError: [WinError 1232] Сетевая папка недоступна. За информацией о разрешении проблем в сети обратитесь к справочной системе Windows
Attempt 1 at connecting failed: OSError: [WinError 1232] Сетевая папка недоступна. За информацией о разрешении проблем в сети обратитесь к справочной системе Windows
Attempt 2 at connecting failed: OSError: [WinError 1232] Сетевая папка недоступна. За информацией о разрешении проблем в сети обратитесь к справочной системе Windows
Attempt 3 at connecting failed: OSError: [WinError 1232] Сетевая папка недоступна. За информацией о разрешении проблем в сети обратитесь к справочной системе Windows
Attempt 4 at connecting failed: OSError: [WinError 1232] Сетевая папка недоступна. За информацией о разрешении проблем в сети обратитесь к справочной системе Windows
Attempt 5 at connecting failed: OSError: [WinError 1232] Сетевая папка недоступна. За информацией о разрешении проблем в сети обратитесь к справочной системе Windows
Attempt 6 at connecting failed: OSError: [WinError 1232] Сетевая папка недоступна. За информацией о разрешении проблем в сети обратитесь к справочной системе Windows
Automatic reconnection failed 5 time(s)
Future exception was never retrieved
future: <Future finished exception=ConnectionError('Connection to Telegram failed 5 time(s)')>
ConnectionError: Connection to Telegram failed 5 time(s)
GetFull* error: Connection to Telegram failed 5 time(s)
[06:10] idle; waiting for live…
Attempt 1 at connecting failed: OSError: [WinError 1232] Сетевая папка недоступна. За информацией о разрешении проблем в сети обратитесь к справочной системе Windows
Attempt 2 at connecting failed: OSError: [WinError 1232] Сетевая папка недоступна. За информацией о разрешении проблем в сети обратитесь к справочной системе Windows
Attempt 3 at connecting failed: OSError: [WinError 1232] Сетевая папка недоступна. За информацией о разрешении проблем в сети обратитесь к справочной системе Windows
Attempt 4 at connecting failed: OSError: [WinError 1232] Сетевая папка недоступна. За информацией о разрешении проблем в сети обратитесь к справочной системе Windows
Attempt 5 at connecting failed: OSError: [WinError 1232] Сетевая папка недоступна. За информацией о разрешении проблем в сети обратитесь к справочной системе Windows
Attempt 6 at connecting failed: OSError: [WinError 1232] Сетевая папка недоступна. За информацией о разрешении проблем в сети обратитесь к справочной системе Windows
Reconnect failed: ConnectionError('Connection to Telegram failed 5 time(s)')
Attempt 1 at connecting failed: OSError: [WinError 1232] Сетевая папка недоступна. За информацией о разрешении проблем в сети обратитесь к справочной системе Windows
Attempt 2 at connecting failed: OSError: [WinError 1232] Сетевая папка недоступна. За информацией о разрешении проблем в сети обратитесь к справочной системе Windows
Attempt 3 at connecting failed: OSError: [WinError 1232] Сетевая папка недоступна. За информацией о разрешении проблем в сети обратитесь к справочной системе Windows
Attempt 4 at connecting failed: OSError: [WinError 1232] Сетевая папка недоступна. За информацией о разрешении проблем в сети обратитесь к справочной системе Windows
Attempt 5 at connecting failed: OSError: [WinError 1232] Сетевая папка недоступна. За информацией о разрешении проблем в сети обратитесь к справочной системе Windows
Attempt 6 at connecting failed: OSError: [WinError 1232] Сетевая папка недоступна. За информацией о разрешении проблем в сети обратитесь к справочной системе Windows
Reconnect failed: ConnectionError('Connection to Telegram failed 5 time(s)')
GetFull* error: Cannot send requests while disconnected
[06:15] idle; waiting for live…
[06:20] idle; waiting for live…
[06:25] idle; waiting for live…
[06:30] idle; waiting for live…
[06:35] idle; waiting for live…
[06:40] idle; waiting for live…
[06:45] idle; waiting for live…
[06:50] idle; waiting for live…
[06:55] idle; waiting for live…
[07:00] idle; waiting for live…
[07:05] idle; waiting for live…
[07:11] idle; waiting for live…
[07:16] idle; waiting for live…
[07:21] idle; waiting for live…
[07:26] idle; waiting for live…
[07:31] idle; waiting for live…
[07:36] idle; waiting for live…
[07:41] idle; waiting for live…
[07:46] idle; waiting for live…
[07:51] idle; waiting for live…
[07:56] idle; waiting for live…
[08:01] idle; waiting for live…
[08:06] idle; waiting for live…
[08:11] idle; waiting for live…
[08:16] idle; waiting for live…
Server closed the connection: [WinError 121] Превышен таймаут семафора
[08:22] idle; waiting for live…
[08:27] idle; waiting for live…
[08:32] idle; waiting for live…
[08:37] idle; waiting for live…
[08:42] idle; waiting for live…
[08:47] idle; waiting for live…
[08:52] idle; waiting for live…
[08:57] idle; waiting for live…
[09:02] idle; waiting for live…
[09:07] idle; waiting for live…
[09:13] idle; waiting for live…
[09:18] idle; waiting for live…
Security error while unpacking a received message: Server replied with a wrong session ID (see FAQ for details)
[09:23] idle; waiting for live…
[09:28] idle; waiting for live…
[09:33] idle; waiting for live…
[09:38] idle; waiting for live…
[09:43] idle; waiting for live…
[09:48] idle; waiting for live…
[09:53] idle; waiting for live…
[09:58] idle; waiting for live…
[10:03] idle; waiting for live…
Server closed the connection: [WinError 1236] Подключение к сети было разорвано локальной системой
Attempt 1 at connecting failed: OSError: [WinError 1231] Сетевая папка недоступна. За информацией о разрешении проблем в сети обратитесь к справочной системе Windows
Attempt 2 at connecting failed: OSError: [WinError 1231] Сетевая папка недоступна. За информацией о разрешении проблем в сети обратитесь к справочной системе Windows
Attempt 3 at connecting failed: OSError: [WinError 1231] Сетевая папка недоступна. За информацией о разрешении проблем в сети обратитесь к справочной системе Windows
Attempt 4 at connecting failed: OSError: [WinError 1231] Сетевая папка недоступна. За информацией о разрешении проблем в сети обратитесь к справочной системе Windows
Attempt 5 at connecting failed: OSError: [WinError 1231] Сетевая папка недоступна. За информацией о разрешении проблем в сети обратитесь к справочной системе Windows
Attempt 6 at connecting failed: OSError: [WinError 1231] Сетевая папка недоступна. За информацией о разрешении проблем в сети обратитесь к справочной системе Windows
Attempt 1 at connecting failed: OSError: [WinError 1231] Сетевая папка недоступна. За информацией о разрешении проблем в сети обратитесь к справочной системе Windows
Attempt 2 at connecting failed: OSError: [WinError 1231] Сетевая папка недоступна. За информацией о разрешении проблем в сети обратитесь к справочной системе Windows
Attempt 3 at connecting failed: OSError: [WinError 1231] Сетевая папка недоступна. За информацией о разрешении проблем в сети обратитесь к справочной системе Windows
Attempt 4 at connecting failed: OSError: [WinError 1231] Сетевая папка недоступна. За информацией о разрешении проблем в сети обратитесь к справочной системе Windows
Attempt 5 at connecting failed: OSError: [WinError 1231] Сетевая папка недоступна. За информацией о разрешении проблем в сети обратитесь к справочной системе Windows
Attempt 6 at connecting failed: OSError: [WinError 1231] Сетевая папка недоступна. За информацией о разрешении проблем в сети обратитесь к справочной системе Windows
Attempt 1 at connecting failed: OSError: [WinError 1231] Сетевая папка недоступна. За информацией о разрешении проблем в сети обратитесь к справочной системе Windows
Attempt 2 at connecting failed: OSError: [WinError 1231] Сетевая папка недоступна. За информацией о разрешении проблем в сети обратитесь к справочной системе Windows
Attempt 3 at connecting failed: OSError: [WinError 1231] Сетевая папка недоступна. За информацией о разрешении проблем в сети обратитесь к справочной системе Windows
Attempt 4 at connecting failed: OSError: [WinError 1231] Сетевая папка недоступна. За информацией о разрешении проблем в сети обратитесь к справочной системе Windows
Attempt 5 at connecting failed: OSError: [WinError 1231] Сетевая папка недоступна. За информацией о разрешении проблем в сети обратитесь к справочной системе Windows
Attempt 6 at connecting failed: OSError: [WinError 1231] Сетевая папка недоступна. За информацией о разрешении проблем в сети обратитесь к справочной системе Windows
Attempt 1 at connecting failed: OSError: [WinError 1231] Сетевая папка недоступна. За информацией о разрешении проблем в сети обратитесь к справочной системе Windows
Attempt 2 at connecting failed: OSError: [WinError 1231] Сетевая папка недоступна. За информацией о разрешении проблем в сети обратитесь к справочной системе Windows
Attempt 3 at connecting failed: OSError: [WinError 1231] Сетевая папка недоступна. За информацией о разрешении проблем в сети обратитесь к справочной системе Windows
Attempt 4 at connecting failed: OSError: [WinError 1231] Сетевая папка недоступна. За информацией о разрешении проблем в сети обратитесь к справочной системе Windows
Attempt 5 at connecting failed: OSError: [WinError 1232] Сетевая папка недоступна. За информацией о разрешении проблем в сети обратитесь к справочной системе Windows
Server resent the older message 7555019062471954433, ignoring
[11:12] idle; waiting for live…
[11:17] idle; waiting for live…
[11:22] idle; waiting for live…
[11:27] idle; waiting for live…
[11:32] idle; waiting for live…
[11:37] idle; waiting for live…
[11:42] idle; waiting for live…
[11:47] idle; waiting for live…
[11:53] idle; waiting for live…
[11:58] idle; waiting for live…
[12:03] idle; waiting for live…
[12:08] idle; waiting for live…
[12:13] idle; waiting for live…
[12:18] idle; waiting for live…
[12:23] idle; waiting for live…
[12:28] idle; waiting for live…
[12:33] idle; waiting for live…
[12:38] idle; waiting for live…
[12:43] idle; waiting for live…
[12:48] idle; waiting for live…
[12:53] idle; waiting for live…
[12:58] idle; waiting for live…
[13:03] idle; waiting for live…
[13:09] idle; waiting for live…
[13:14] idle; waiting for live…
[13:19] idle; waiting for live…
[13:24] idle; waiting for live…
[13:29] idle; waiting for live…
[13:34] idle; waiting for live…
[13:39] idle; waiting for live…
[13:44] idle; waiting for live…
[13:49] idle; waiting for live…
[13:54] idle; waiting for live…
[13:59] idle; waiting for live…
[14:04] idle; waiting for live…
[14:09] idle; waiting for live…
[14:14] idle; waiting for live…
[14:19] idle; waiting for live…
[14:25] idle; waiting for live…
[14:30] idle; waiting for live…
[14:35] idle; waiting for live…
[14:40] idle; waiting for live…
[14:45] idle; waiting for live…
[14:50] idle; waiting for live…
[14:55] idle; waiting for live…
[15:00] idle; waiting for live…
[15:05] idle; waiting for live…
[15:10] idle; waiting for live…
[15:15] idle; waiting for live…
[15:20] idle; waiting for live…
[15:25] idle; waiting for live…
[15:30] idle; waiting for live…
[15:35] idle; waiting for live…
[15:41] idle; waiting for live…
[15:46] idle; waiting for live…
[15:51] idle; waiting for live…
[15:56] idle; waiting for live…
[16:01] idle; waiting for live…
Server closed the connection: [WinError 1236] Подключение к сети было разорвано локальной системой
Attempt 1 at connecting failed: OSError: [WinError 1232] Сетевая папка недоступна. За информацией о разрешении проблем в сети обратитесь к справочной системе Windows
[16:06] idle; waiting for live…
[16:11] idle; waiting for live…
[16:16] idle; waiting for live…
[16:21] idle; waiting for live…
[16:26] idle; waiting for live…
[16:31] idle; waiting for live…
[16:36] idle; waiting for live…
[16:41] idle; waiting for live…
Server closed the connection: [WinError 1236] Подключение к сети было разорвано локальной системой
[16:46] idle; waiting for live…
[16:52] idle; waiting for live…
[16:57] idle; waiting for live…
[17:02] idle; waiting for live…
[17:07] idle; waiting for live…
[17:12] idle; waiting for live…
Server closed the connection: [WinError 1236] Подключение к сети было разорвано локальной системой
Server closed the connection: [WinError 1236] Подключение к сети было разорвано локальной системой
[17:17] idle; waiting for live…
[17:22] idle; waiting for live…
Server closed the connection: [WinError 1236] Подключение к сети было разорвано локальной системой
[17:27] idle; waiting for live…
Server closed the connection: [WinError 1236] Подключение к сети было разорвано локальной системой
Server closed the connection: [WinError 1236] Подключение к сети было разорвано локальной системой
Attempt 1 at connecting failed: OSError: [WinError 1231] Сетевая папка недоступна. За информацией о разрешении проблем в сети обратитесь к справочной системе Windows
Attempt 2 at connecting failed: OSError: [WinError 1231] Сетевая папка недоступна. За информацией о разрешении проблем в сети обратитесь к справочной системе Windows
Attempt 3 at connecting failed: OSError: [WinError 1231] Сетевая папка недоступна. За информацией о разрешении проблем в сети обратитесь к справочной системе Windows
Attempt 4 at connecting failed: OSError: [WinError 1231] Сетевая папка недоступна. За информацией о разрешении проблем в сети обратитесь к справочной системе Windows
Attempt 5 at connecting failed: OSError: [WinError 1231] Сетевая папка недоступна. За информацией о разрешении проблем в сети обратитесь к справочной системе Windows
Attempt 6 at connecting failed: OSError: [WinError 1231] Сетевая папка недоступна. За информацией о разрешении проблем в сети обратитесь к справочной системе Windows
Attempt 1 at connecting failed: OSError: [WinError 1231] Сетевая папка недоступна. За информацией о разрешении проблем в сети обратитесь к справочной системе Windows
Attempt 2 at connecting failed: OSError: [WinError 1231] Сетевая папка недоступна. За информацией о разрешении проблем в сети обратитесь к справочной системе Windows
Attempt 3 at connecting failed: OSError: [WinError 1231] Сетевая папка недоступна. За информацией о разрешении проблем в сети обратитесь к справочной системе Windows
Attempt 4 at connecting failed: OSError: [WinError 1231] Сетевая папка недоступна. За информацией о разрешении проблем в сети обратитесь к справочной системе Windows
Attempt 5 at connecting failed: OSError: [WinError 1231] Сетевая папка недоступна. За информацией о разрешении проблем в сети обратитесь к справочной системе Windows
Attempt 6 at connecting failed: OSError: [WinError 1231] Сетевая папка недоступна. За информацией о разрешении проблем в сети обратитесь к справочной системе Windows
Attempt 1 at connecting failed: OSError: [WinError 1231] Сетевая папка недоступна. За информацией о разрешении проблем в сети обратитесь к справочной системе Windows
Attempt 2 at connecting failed: OSError: [WinError 1231] Сетевая папка недоступна. За информацией о разрешении проблем в сети обратитесь к справочной системе Windows
Attempt 3 at connecting failed: OSError: [WinError 1231] Сетевая папка недоступна. За информацией о разрешении проблем в сети обратитесь к справочной системе Windows
Attempt 4 at connecting failed: OSError: [WinError 1231] Сетевая папка недоступна. За информацией о разрешении проблем в сети обратитесь к справочной системе Windows
Attempt 5 at connecting failed: OSError: [WinError 1231] Сетевая папка недоступна. За информацией о разрешении проблем в сети обратитесь к справочной системе Windows
Attempt 6 at connecting failed: OSError: [WinError 1231] Сетевая папка недоступна. За информацией о разрешении проблем в сети обратитесь к справочной системе Windows
Attempt 1 at connecting failed: OSError: [WinError 1231] Сетевая папка недоступна. За информацией о разрешении проблем в сети обратитесь к справочной системе Windows
Attempt 2 at connecting failed: OSError: [WinError 1231] Сетевая папка недоступна. За информацией о разрешении проблем в сети обратитесь к справочной системе Windows
Attempt 3 at connecting failed: OSError: [WinError 1231] Сетевая папка недоступна. За информацией о разрешении проблем в сети обратитесь к справочной системе Windows
[17:32] idle; waiting for live…
Server closed the connection: [WinError 1236] Подключение к сети было разорвано локальной системой
Attempt 1 at connecting failed: OSError: [WinError 1231] Сетевая папка недоступна. За информацией о разрешении проблем в сети обратитесь к справочной системе Windows
Attempt 2 at connecting failed: OSError: [WinError 1231] Сетевая папка недоступна. За информацией о разрешении проблем в сети обратитесь к справочной системе Windows
Attempt 3 at connecting failed: OSError: [WinError 1231] Сетевая папка недоступна. За информацией о разрешении проблем в сети обратитесь к справочной системе Windows
Attempt 4 at connecting failed: OSError: [WinError 1231] Сетевая папка недоступна. За информацией о разрешении проблем в сети обратитесь к справочной системе Windows
Attempt 5 at connecting failed: OSError: [WinError 1231] Сетевая папка недоступна. За информацией о разрешении проблем в сети обратитесь к справочной системе Windows
Attempt 6 at connecting failed: OSError: [WinError 1231] Сетевая папка недоступна. За информацией о разрешении проблем в сети обратитесь к справочной системе Windows
Attempt 1 at connecting failed: OSError: [WinError 1231] Сетевая папка недоступна. За информацией о разрешении проблем в сети обратитесь к справочной системе Windows
Attempt 2 at connecting failed: OSError: [WinError 1231] Сетевая папка недоступна. За информацией о разрешении проблем в сети обратитесь к справочной системе Windows
Attempt 3 at connecting failed: OSError: [WinError 1231] Сетевая папка недоступна. За информацией о разрешении проблем в сети обратитесь к справочной системе Windows
Attempt 4 at connecting failed: OSError: [WinError 1231] Сетевая папка недоступна. За информацией о разрешении проблем в сети обратитесь к справочной системе Windows
Attempt 5 at connecting failed: OSError: [WinError 1231] Сетевая папка недоступна. За информацией о разрешении проблем в сети обратитесь к справочной системе Windows
Attempt 6 at connecting failed: OSError: [WinError 1231] Сетевая папка недоступна. За информацией о разрешении проблем в сети обратитесь к справочной системе Windows
Attempt 1 at connecting failed: OSError: [WinError 1231] Сетевая папка недоступна. За информацией о разрешении проблем в сети обратитесь к справочной системе Windows
Attempt 2 at connecting failed: OSError: [WinError 1231] Сетевая папка недоступна. За информацией о разрешении проблем в сети обратитесь к справочной системе Windows
Attempt 3 at connecting failed: OSError: [WinError 1231] Сетевая папка недоступна. За информацией о разрешении проблем в сети обратитесь к справочной системе Windows
Attempt 4 at connecting failed: OSError: [WinError 1231] Сетевая папка недоступна. За информацией о разрешении проблем в сети обратитесь к справочной системе Windows
Attempt 5 at connecting failed: OSError: [WinError 1231] Сетевая папка недоступна. За информацией о разрешении проблем в сети обратитесь к справочной системе Windows
Attempt 6 at connecting failed: OSError: [WinError 1231] Сетевая папка недоступна. За информацией о разрешении проблем в сети обратитесь к справочной системе Windows
Attempt 1 at connecting failed: OSError: [WinError 1231] Сетевая папка недоступна. За информацией о разрешении проблем в сети обратитесь к справочной системе Windows
Attempt 2 at connecting failed: OSError: [WinError 1231] Сетевая папка недоступна. За информацией о разрешении проблем в сети обратитесь к справочной системе Windows
Attempt 3 at connecting failed: OSError: [WinError 1231] Сетевая папка недоступна. За информацией о разрешении проблем в сети обратитесь к справочной системе Windows
Attempt 4 at connecting failed: OSError: [WinError 1231] Сетевая папка недоступна. За информацией о разрешении проблем в сети обратитесь к справочной системе Windows
Attempt 5 at connecting failed: OSError: [WinError 1231] Сетевая папка недоступна. За информацией о разрешении проблем в сети обратитесь к справочной системе Windows
Attempt 6 at connecting failed: OSError: [WinError 1231] Сетевая папка недоступна. За информацией о разрешении проблем в сети обратитесь к справочной системе Windows
Attempt 1 at connecting failed: OSError: [WinError 1231] Сетевая папка недоступна. За информацией о разрешении проблем в сети обратитесь к справочной системе Windows
Attempt 2 at connecting failed: OSError: [WinError 1231] Сетевая папка недоступна. За информацией о разрешении проблем в сети обратитесь к справочной системе Windows
Attempt 3 at connecting failed: OSError: [WinError 1231] Сетевая папка недоступна. За информацией о разрешении проблем в сети обратитесь к справочной системе Windows
Attempt 4 at connecting failed: OSError: [WinError 1231] Сетевая папка недоступна. За информацией о разрешении проблем в сети обратитесь к справочной системе Windows
Attempt 5 at connecting failed: OSError: [WinError 1231] Сетевая папка недоступна. За информацией о разрешении проблем в сети обратитесь к справочной системе Windows
Attempt 6 at connecting failed: OSError: [WinError 1231] Сетевая папка недоступна. За информацией о разрешении проблем в сети обратитесь к справочной системе Windows
Automatic reconnection failed 5 time(s)

Exiting cleanly. Bye
