Resolved via username/ID: vr
[reset] Detected new group. Counters & indices reset. Anchor set to 2025-09-30.
Tracker running. Will post automatically at 22:00 Asia/Tashkent.
Running as user id: 8344971256
[09:44] idle; waiting for live…
[09:49] idle; waiting for live…
[09:54] idle; waiting for live…
Server closed the connection: [WinError 1236] Подключение к сети было разорвано локальной системой
Server closed the connection: [WinError 1236] Подключение к сети было разорвано локальной системой
Attempt 1 at connecting failed: OSError: [WinError 1231] Сетевая папка недоступна. За информацией о разрешении проблем в сети обратитесь к справочной системе Windows
Attempt 2 at connecting failed: OSError: [WinError 1231] Сетевая папка недоступна. За информацией о разрешении проблем в сети обратитесь к справочной системе Windows
Attempt 3 at connecting failed: OSError: [WinError 1231] Сетевая папка недоступна. За информацией о разрешении проблем в сети обратитесь к справочной системе Windows
Attempt 4 at connecting failed: OSError: [WinError 1231] Сетевая папка недоступна. За информацией о разрешении проблем в сети обратитесь к справочной системе Windows
Attempt 5 at connecting failed: OSError: [WinError 1231] Сетевая папка недоступна. За информацией о разрешении проблем в сети обратитесь к справочной системе Windows
Attempt 6 at connecting failed: OSError: [WinError 1231] Сетевая папка недоступна. За информацией о разрешении проблем в сети обратитесь к справочной системе Windows
Attempt 1 at connecting failed: OSError: [WinError 1231] Сетевая папка недоступна. За информацией о разрешении проблем в сети обратитесь к справочной системе Windows
Attempt 2 at connecting failed: OSError: [WinError 1231] Сетевая папка недоступна. За информацией о разрешении проблем в сети обратитесь к справочной системе Windows
Attempt 3 at connecting failed: OSError: [WinError 1231] Сетевая папка недоступна. За информацией о разрешении проблем в сети обратитесь к справочной системе Windows
Attempt 4 at connecting failed: OSError: [WinError 1231] Сетевая папка недоступна. За информацией о разрешении проблем в сети обратитесь к справочной системе Windows
Attempt 5 at connecting failed: OSError: [WinError 1231] Сетевая папка недоступна. За информацией о разрешении проблем в сети обратитесь к справочной системе Windows
Attempt 6 at connecting failed: OSError: [WinError 1231] Сетевая папка недоступна. За информацией о разрешении проблем в сети обратитесь к справочной системе Windows
Attempt 1 at connecting failed: OSError: [WinError 1231] Сетевая папка недоступна. За информацией о разрешении проблем в сети обратитесь к справочной системе Windows
Attempt 2 at connecting failed: OSError: [WinError 1231] Сетевая папка недоступна. За информацией о разрешении проблем в сети обратитесь к справочной системе Windows
Attempt 3 at connecting failed: OSError: [WinError 1231] Сетевая папка недоступна. За информацией о разрешении проблем в сети обратитесь к справочной системе Windows
Attempt 4 at connecting failed: OSError: [WinError 1231] Сетевая папка недоступна. За информацией о разрешении проблем в сети обратитесь к справочной системе Windows
Attempt 5 at connecting failed: OSError: [WinError 1231] Сетевая папка недоступна. За информацией о разрешении проблем в сети обратитесь к справочной системе Windows
Attempt 6 at connecting failed: OSError: [WinError 1231] Сетевая папка недоступна. За информацией о разрешении проблем в сети обратитесь к справочной системе Windows
Attempt 1 at connecting failed: OSError: [WinError 1231] Сетевая папка недоступна. За информацией о разрешении проблем в сети обратитесь к справочной системе Windows
Attempt 2 at connecting failed: OSError: [WinError 1231] Сетевая папка недоступна. За информацией о разрешении проблем в сети обратитесь к справочной системе Windows
Attempt 3 at connecting failed: OSError: [WinError 1231] Сетевая папка недоступна. За информацией о разрешении проблем в сети обратитесь к справочной системе Windows
Attempt 4 at connecting failed: OSError: [WinError 1231] Сетевая папка недоступна. За информацией о разрешении проблем в сети обратитесь к справочной системе Windows
Attempt 5 at connecting failed: OSError: [WinError 1231] Сетевая папка недоступна. За информацией о разрешении проблем в сети обратитесь к справочной системе Windows
Attempt 6 at connecting failed: OSError: [WinError 1231] Сетевая папка недоступна. За информацией о разрешении проблем в сети обратитесь к справочной системе Windows
Attempt 1 at connecting failed: OSError: [WinError 1231] Сетевая папка недоступна. За информацией о разрешении проблем в сети обратитесь к справочной системе Windows
Attempt 2 at connecting failed: OSError: [WinError 1231] Сетевая папка недоступна. За информацией о разрешении проблем в сети обратитесь к справочной системе Windows
Attempt 3 at connecting failed: OSError: [WinError 1231] Сетевая папка недоступна. За информацией о разрешении проблем в сети обратитесь к справочной системе Windows
Attempt 4 at connecting failed: OSError: [WinError 1231] Сетевая папка недоступна. За информацией о разрешении проблем в сети обратитесь к справочной системе Windows
Attempt 5 at connecting failed: OSError: [WinError 1231] Сетевая папка недоступна. За информацией о разрешении проблем в сети обратитесь к справочной системе Windows
Attempt 6 at connecting failed: OSError: [WinError 1231] Сетевая папка недоступна. За информацией о разрешении проблем в сети обратитесь к справочной системе Windows
Automatic reconnection failed 5 time(s)
